[2021-03-02 07:15:31] local.ERROR: Method Illuminate\Http\Request::first_name does not exist. {"exception":"[object] (BadMethodCallException(code: 0): Method Illuminate\\Http\\Request::first_name does not exist. at /home/rizki/Documents/laravel-webdev-sanbarcode/Week 3/Day 2 - Membuat Web Statis dengan Laravel/blog/vendor/laravel/framework/src/Illuminate/Support/Traits/Macroable.php:103)
[stacktrace]
#0 /home/rizki/Documents/laravel-webdev-sanbarcode/Week 3/Day 2 - Membuat Web Statis dengan Laravel/blog/app/Http/Controllers/AuthController.php(13): Illuminate\\Http\\Request->__call()
#1 /home/rizki/Documents/laravel-webdev-sanbarcode/Week 3/Day 2 - Membuat Web Statis dengan Laravel/blog/vendor/laravel/framework/src/Illuminate/Routing/Controller.php(54): App\\Http\\Controllers\\AuthController->post_register()
#2 /home/rizki/Documents/laravel-webdev-sanbarcode/Week 3/Day 2 - Membuat Web Statis dengan Laravel/blog/vendor/laravel/framework/src/Illuminate/Routing/ControllerDispatcher.php(45): Illuminate\\Routing\\Controller->callAction()
#3 /home/rizki/Documents/laravel-webdev-sanbarcode/Week 3/Day 2 - Membuat Web Statis dengan Laravel/blog/vendor/laravel/framework/src/Illuminate/Routing/Route.php(219): Illuminate\\Routing\\ControllerDispatcher->dispatch()
#4 /home/rizki/Documents/laravel-webdev-sanbarcode/Week 3/Day 2 - Membuat Web Statis dengan Laravel/blog/vendor/laravel/framework/src/Illuminate/Routing/Route.php(176): Illuminate\\Routing\\Route->runController()
#5 /home/rizki/Documents/laravel-webdev-sanbarcode/Week 3/Day 2 - Membuat Web Statis dengan Laravel/blog/vendor/laravel/framework/src/Illuminate/Routing/Router.php(681): Illuminate\\Routing\\Route->run()
#6 /home/rizki/Documents/laravel-webdev-sanbarcode/Week 3/Day 2 - Membuat Web Statis dengan Laravel/blog/vendor/laravel/framework/src/Illuminate/Pipeline/Pipeline.php(130): Illuminate\\Routing\\Router->Illuminate\\Routing\\{closure}()
#7 /home/rizki/Documents/laravel-webdev-sanbarcode/Week 3/Day 2 - Membuat Web Statis dengan Laravel/blog/vendor/laravel/framework/src/Illuminate/Routing/Middleware/SubstituteBindings.php(41): Illuminate\\Pipeline\\Pipeline->Illuminate\\Pipeline\\{closure}()
#8 /home/rizki/Documents/laravel-webdev-sanbarcode/Week 3/Day 2 - Membuat Web Statis dengan Laravel/blog/vendor/laravel/framework/src/Illuminate/Pipeline/Pipeline.php(171): Illuminate\\Routing\\Middleware\\SubstituteBindings->handle()
#9 /home/rizki/Documents/laravel-webdev-sanbarcode/Week 3/Day 2 - Membuat Web Statis dengan Laravel/blog/vendor/laravel/framework/src/Illuminate/Foundation/Http/Middleware/VerifyCsrfToken.php(78): Illuminate\\Pipeline\\Pipeline->Illuminate\\Pipeline\\{closure}()
#10 /home/rizki/Documents/laravel-webdev-sanbarcode/Week 3/Day 2 - Membuat Web Statis dengan Laravel/blog/vendor/laravel/framework/src/Illuminate/Pipeline/Pipeline.php(171): Illuminate\\Foundation\\Http\\Middleware\\VerifyCsrfToken->handle()
#11 /home/rizki/Documents/laravel-webdev-sanbarcode/Week 3/Day 2 - Membuat Web Statis dengan Laravel/blog/vendor/laravel/framework/src/Illuminate/View/Middleware/ShareErrorsFromSession.php(49): Illuminate\\Pipeline\\Pipeline->Illuminate\\Pipeline\\{closure}()
#12 /home/rizki/Documents/laravel-webdev-sanbarcode/Week 3/Day 2 - Membuat Web Statis dengan Laravel/blog/vendor/laravel/framework/src/Illuminate/Pipeline/Pipeline.php(171): Illuminate\\View\\Middleware\\ShareErrorsFromSession->handle()
#13 /home/rizki/Documents/laravel-webdev-sanbarcode/Week 3/Day 2 - Membuat Web Statis dengan Laravel/blog/vendor/laravel/framework/src/Illuminate/Session/Middleware/StartSession.php(56): Illuminate\\Pipeline\\Pipeline->Illuminate\\Pipeline\\{closure}()
#14 /home/rizki/Documents/laravel-webdev-sanbarcode/Week 3/Day 2 - Membuat Web Statis dengan Laravel/blog/vendor/laravel/framework/src/Illuminate/Pipeline/Pipeline.php(171): Illuminate\\Session\\Middleware\\StartSession->handle()
#15 /home/rizki/Documents/laravel-webdev-sanbarcode/Week 3/Day 2 - Membuat Web Statis dengan Laravel/blog/vendor/laravel/framework/src/Illuminate/Cookie/Middleware/AddQueuedCookiesToResponse.php(37): Illuminate\\Pipeline\\Pipeline->Illuminate\\Pipeline\\{closure}()
#16 /home/rizki/Documents/laravel-webdev-sanbarcode/Week 3/Day 2 - Membuat Web Statis dengan Laravel/blog/vendor/laravel/framework/src/Illuminate/Pipeline/Pipeline.php(171): Illuminate\\Cookie\\Middleware\\AddQueuedCookiesToResponse->handle()
#17 /home/rizki/Documents/laravel-webdev-sanbarcode/Week 3/Day 2 - Membuat Web Statis dengan Laravel/blog/vendor/laravel/framework/src/Illuminate/Cookie/Middleware/EncryptCookies.php(67): Illuminate\\Pipeline\\Pipeline->Illuminate\\Pipeline\\{closure}()
#18 /home/rizki/Documents/laravel-webdev-sanbarcode/Week 3/Day 2 - Membuat Web Statis dengan Laravel/blog/vendor/laravel/framework/src/Illuminate/Pipeline/Pipeline.php(171): Illuminate\\Cookie\\Middleware\\EncryptCookies->handle()
#19 /home/rizki/Documents/laravel-webdev-sanbarcode/Week 3/Day 2 - Membuat Web Statis dengan Laravel/blog/vendor/laravel/framework/src/Illuminate/Pipeline/Pipeline.php(105): Illuminate\\Pipeline\\Pipeline->Illuminate\\Pipeline\\{closure}()
#20 /home/rizki/Documents/laravel-webdev-sanbarcode/Week 3/Day 2 - Membuat Web Statis dengan Laravel/blog/vendor/laravel/framework/src/Illuminate/Routing/Router.php(683): Illuminate\\Pipeline\\Pipeline->then()
#21 /home/rizki/Documents/laravel-webdev-sanbarcode/Week 3/Day 2 - Membuat Web Statis dengan Laravel/blog/vendor/laravel/framework/src/Illuminate/Routing/Router.php(658): Illuminate\\Routing\\Router->runRouteWithinStack()
#22 /home/rizki/Documents/laravel-webdev-sanbarcode/Week 3/Day 2 - Membuat Web Statis dengan Laravel/blog/vendor/laravel/framework/src/Illuminate/Routing/Router.php(624): Illuminate\\Routing\\Router->runRoute()
#23 /home/rizki/Documents/laravel-webdev-sanbarcode/Week 3/Day 2 - Membuat Web Statis dengan Laravel/blog/vendor/laravel/framework/src/Illuminate/Routing/Router.php(613): Illuminate\\Routing\\Router->dispatchToRoute()
#24 /home/rizki/Documents/laravel-webdev-sanbarcode/Week 3/Day 2 - Membuat Web Statis dengan Laravel/blog/vendor/laravel/framework/src/Illuminate/Foundation/Http/Kernel.php(170): Illuminate\\Routing\\Router->dispatch()
#25 /home/rizki/Documents/laravel-webdev-sanbarcode/Week 3/Day 2 - Membuat Web Statis dengan Laravel/blog/vendor/laravel/framework/src/Illuminate/Pipeline/Pipeline.php(130): Illuminate\\Foundation\\Http\\Kernel->Illuminate\\Foundation\\Http\\{closure}()
#26 /home/rizki/Documents/laravel-webdev-sanbarcode/Week 3/Day 2 - Membuat Web Statis dengan Laravel/blog/vendor/laravel/framework/src/Illuminate/Foundation/Http/Middleware/TransformsRequest.php(21): Illuminate\\Pipeline\\Pipeline->Illuminate\\Pipeline\\{closure}()
#27 /home/rizki/Documents/laravel-webdev-sanbarcode/Week 3/Day 2 - Membuat Web Statis dengan Laravel/blog/vendor/laravel/framework/src/Illuminate/Pipeline/Pipeline.php(171): Illuminate\\Foundation\\Http\\Middleware\\TransformsRequest->handle()
#28 /home/rizki/Documents/laravel-webdev-sanbarcode/Week 3/Day 2 - Membuat Web Statis dengan Laravel/blog/vendor/laravel/framework/src/Illuminate/Foundation/Http/Middleware/TransformsRequest.php(21): Illuminate\\Pipeline\\Pipeline->Illuminate\\Pipeline\\{closure}()
#29 /home/rizki/Documents/laravel-webdev-sanbarcode/Week 3/Day 2 - Membuat Web Statis dengan Laravel/blog/vendor/laravel/framework/src/Illuminate/Pipeline/Pipeline.php(171): Illuminate\\Foundation\\Http\\Middleware\\TransformsRequest->handle()
#30 /home/rizki/Documents/laravel-webdev-sanbarcode/Week 3/Day 2 - Membuat Web Statis dengan Laravel/blog/vendor/laravel/framework/src/Illuminate/Foundation/Http/Middleware/ValidatePostSize.php(27): Illuminate\\Pipeline\\Pipeline->Illuminate\\Pipeline\\{closure}()
#31 /home/rizki/Documents/laravel-webdev-sanbarcode/Week 3/Day 2 - Membuat Web Statis dengan Laravel/blog/vendor/laravel/framework/src/Illuminate/Pipeline/Pipeline.php(171): Illuminate\\Foundation\\Http\\Middleware\\ValidatePostSize->handle()
#32 /home/rizki/Documents/laravel-webdev-sanbarcode/Week 3/Day 2 - Membuat Web Statis dengan Laravel/blog/vendor/laravel/framework/src/Illuminate/Foundation/Http/Middleware/CheckForMaintenanceMode.php(63): Illuminate\\Pipeline\\Pipeline->Illuminate\\Pipeline\\{closure}()
#33 /home/rizki/Documents/laravel-webdev-sanbarcode/Week 3/Day 2 - Membuat Web Statis dengan Laravel/blog/vendor/laravel/framework/src/Illuminate/Pipeline/Pipeline.php(171): Illuminate\\Foundation\\Http\\Middleware\\CheckForMaintenanceMode->handle()
#34 /home/rizki/Documents/laravel-webdev-sanbarcode/Week 3/Day 2 - Membuat Web Statis dengan Laravel/blog/vendor/fideloper/proxy/src/TrustProxies.php(57): Illuminate\\Pipeline\\Pipeline->Illuminate\\Pipeline\\{closure}()
#35 /home/rizki/Documents/laravel-webdev-sanbarcode/Week 3/Day 2 - Membuat Web Statis dengan Laravel/blog/vendor/laravel/framework/src/Illuminate/Pipeline/Pipeline.php(171): Fideloper\\Proxy\\TrustProxies->handle()
#36 /home/rizki/Documents/laravel-webdev-sanbarcode/Week 3/Day 2 - Membuat Web Statis dengan Laravel/blog/vendor/laravel/framework/src/Illuminate/Pipeline/Pipeline.php(105): Illuminate\\Pipeline\\Pipeline->Illuminate\\Pipeline\\{closure}()
#37 /home/rizki/Documents/laravel-webdev-sanbarcode/Week 3/Day 2 - Membuat Web Statis dengan Laravel/blog/vendor/laravel/framework/src/Illuminate/Foundation/Http/Kernel.php(145): Illuminate\\Pipeline\\Pipeline->then()
#38 /home/rizki/Documents/laravel-webdev-sanbarcode/Week 3/Day 2 - Membuat Web Statis dengan Laravel/blog/vendor/laravel/framework/src/Illuminate/Foundation/Http/Kernel.php(110): Illuminate\\Foundation\\Http\\Kernel->sendRequestThroughRouter()
#39 /home/rizki/Documents/laravel-webdev-sanbarcode/Week 3/Day 2 - Membuat Web Statis dengan Laravel/blog/public/index.php(55): Illuminate\\Foundation\\Http\\Kernel->handle()
#40 /home/rizki/Documents/laravel-webdev-sanbarcode/Week 3/Day 2 - Membuat Web Statis dengan Laravel/blog/server.php(21): require_once('/home/rizki/Doc...')
#41 {main}
"} 
[2021-03-02 07:15:39] local.ERROR: Method Illuminate\Http\Request::first_name does not exist. {"exception":"[object] (BadMethodCallException(code: 0): Method Illuminate\\Http\\Request::first_name does not exist. at /home/rizki/Documents/laravel-webdev-sanbarcode/Week 3/Day 2 - Membuat Web Statis dengan Laravel/blog/vendor/laravel/framework/src/Illuminate/Support/Traits/Macroable.php:103)
[stacktrace]
#0 /home/rizki/Documents/laravel-webdev-sanbarcode/Week 3/Day 2 - Membuat Web Statis dengan Laravel/blog/app/Http/Controllers/AuthController.php(13): Illuminate\\Http\\Request->__call()
#1 /home/rizki/Documents/laravel-webdev-sanbarcode/Week 3/Day 2 - Membuat Web Statis dengan Laravel/blog/vendor/laravel/framework/src/Illuminate/Routing/Controller.php(54): App\\Http\\Controllers\\AuthController->post_register()
#2 /home/rizki/Documents/laravel-webdev-sanbarcode/Week 3/Day 2 - Membuat Web Statis dengan Laravel/blog/vendor/laravel/framework/src/Illuminate/Routing/ControllerDispatcher.php(45): Illuminate\\Routing\\Controller->callAction()
#3 /home/rizki/Documents/laravel-webdev-sanbarcode/Week 3/Day 2 - Membuat Web Statis dengan Laravel/blog/vendor/laravel/framework/src/Illuminate/Routing/Route.php(219): Illuminate\\Routing\\ControllerDispatcher->dispatch()
#4 /home/rizki/Documents/laravel-webdev-sanbarcode/Week 3/Day 2 - Membuat Web Statis dengan Laravel/blog/vendor/laravel/framework/src/Illuminate/Routing/Route.php(176): Illuminate\\Routing\\Route->runController()
#5 /home/rizki/Documents/laravel-webdev-sanbarcode/Week 3/Day 2 - Membuat Web Statis dengan Laravel/blog/vendor/laravel/framework/src/Illuminate/Routing/Router.php(681): Illuminate\\Routing\\Route->run()
#6 /home/rizki/Documents/laravel-webdev-sanbarcode/Week 3/Day 2 - Membuat Web Statis dengan Laravel/blog/vendor/laravel/framework/src/Illuminate/Pipeline/Pipeline.php(130): Illuminate\\Routing\\Router->Illuminate\\Routing\\{closure}()
#7 /home/rizki/Documents/laravel-webdev-sanbarcode/Week 3/Day 2 - Membuat Web Statis dengan Laravel/blog/vendor/laravel/framework/src/Illuminate/Routing/Middleware/SubstituteBindings.php(41): Illuminate\\Pipeline\\Pipeline->Illuminate\\Pipeline\\{closure}()
#8 /home/rizki/Documents/laravel-webdev-sanbarcode/Week 3/Day 2 - Membuat Web Statis dengan Laravel/blog/vendor/laravel/framework/src/Illuminate/Pipeline/Pipeline.php(171): Illuminate\\Routing\\Middleware\\SubstituteBindings->handle()
#9 /home/rizki/Documents/laravel-webdev-sanbarcode/Week 3/Day 2 - Membuat Web Statis dengan Laravel/blog/vendor/laravel/framework/src/Illuminate/Foundation/Http/Middleware/VerifyCsrfToken.php(78): Illuminate\\Pipeline\\Pipeline->Illuminate\\Pipeline\\{closure}()
#10 /home/rizki/Documents/laravel-webdev-sanbarcode/Week 3/Day 2 - Membuat Web Statis dengan Laravel/blog/vendor/laravel/framework/src/Illuminate/Pipeline/Pipeline.php(171): Illuminate\\Foundation\\Http\\Middleware\\VerifyCsrfToken->handle()
#11 /home/rizki/Documents/laravel-webdev-sanbarcode/Week 3/Day 2 - Membuat Web Statis dengan Laravel/blog/vendor/laravel/framework/src/Illuminate/View/Middleware/ShareErrorsFromSession.php(49): Illuminate\\Pipeline\\Pipeline->Illuminate\\Pipeline\\{closure}()
#12 /home/rizki/Documents/laravel-webdev-sanbarcode/Week 3/Day 2 - Membuat Web Statis dengan Laravel/blog/vendor/laravel/framework/src/Illuminate/Pipeline/Pipeline.php(171): Illuminate\\View\\Middleware\\ShareErrorsFromSession->handle()
#13 /home/rizki/Documents/laravel-webdev-sanbarcode/Week 3/Day 2 - Membuat Web Statis dengan Laravel/blog/vendor/laravel/framework/src/Illuminate/Session/Middleware/StartSession.php(56): Illuminate\\Pipeline\\Pipeline->Illuminate\\Pipeline\\{closure}()
#14 /home/rizki/Documents/laravel-webdev-sanbarcode/Week 3/Day 2 - Membuat Web Statis dengan Laravel/blog/vendor/laravel/framework/src/Illuminate/Pipeline/Pipeline.php(171): Illuminate\\Session\\Middleware\\StartSession->handle()
#15 /home/rizki/Documents/laravel-webdev-sanbarcode/Week 3/Day 2 - Membuat Web Statis dengan Laravel/blog/vendor/laravel/framework/src/Illuminate/Cookie/Middleware/AddQueuedCookiesToResponse.php(37): Illuminate\\Pipeline\\Pipeline->Illuminate\\Pipeline\\{closure}()
#16 /home/rizki/Documents/laravel-webdev-sanbarcode/Week 3/Day 2 - Membuat Web Statis dengan Laravel/blog/vendor/laravel/framework/src/Illuminate/Pipeline/Pipeline.php(171): Illuminate\\Cookie\\Middleware\\AddQueuedCookiesToResponse->handle()
#17 /home/rizki/Documents/laravel-webdev-sanbarcode/Week 3/Day 2 - Membuat Web Statis dengan Laravel/blog/vendor/laravel/framework/src/Illuminate/Cookie/Middleware/EncryptCookies.php(67): Illuminate\\Pipeline\\Pipeline->Illuminate\\Pipeline\\{closure}()
#18 /home/rizki/Documents/laravel-webdev-sanbarcode/Week 3/Day 2 - Membuat Web Statis dengan Laravel/blog/vendor/laravel/framework/src/Illuminate/Pipeline/Pipeline.php(171): Illuminate\\Cookie\\Middleware\\EncryptCookies->handle()
#19 /home/rizki/Documents/laravel-webdev-sanbarcode/Week 3/Day 2 - Membuat Web Statis dengan Laravel/blog/vendor/laravel/framework/src/Illuminate/Pipeline/Pipeline.php(105): Illuminate\\Pipeline\\Pipeline->Illuminate\\Pipeline\\{closure}()
#20 /home/rizki/Documents/laravel-webdev-sanbarcode/Week 3/Day 2 - Membuat Web Statis dengan Laravel/blog/vendor/laravel/framework/src/Illuminate/Routing/Router.php(683): Illuminate\\Pipeline\\Pipeline->then()
#21 /home/rizki/Documents/laravel-webdev-sanbarcode/Week 3/Day 2 - Membuat Web Statis dengan Laravel/blog/vendor/laravel/framework/src/Illuminate/Routing/Router.php(658): Illuminate\\Routing\\Router->runRouteWithinStack()
#22 /home/rizki/Documents/laravel-webdev-sanbarcode/Week 3/Day 2 - Membuat Web Statis dengan Laravel/blog/vendor/laravel/framework/src/Illuminate/Routing/Router.php(624): Illuminate\\Routing\\Router->runRoute()
#23 /home/rizki/Documents/laravel-webdev-sanbarcode/Week 3/Day 2 - Membuat Web Statis dengan Laravel/blog/vendor/laravel/framework/src/Illuminate/Routing/Router.php(613): Illuminate\\Routing\\Router->dispatchToRoute()
#24 /home/rizki/Documents/laravel-webdev-sanbarcode/Week 3/Day 2 - Membuat Web Statis dengan Laravel/blog/vendor/laravel/framework/src/Illuminate/Foundation/Http/Kernel.php(170): Illuminate\\Routing\\Router->dispatch()
#25 /home/rizki/Documents/laravel-webdev-sanbarcode/Week 3/Day 2 - Membuat Web Statis dengan Laravel/blog/vendor/laravel/framework/src/Illuminate/Pipeline/Pipeline.php(130): Illuminate\\Foundation\\Http\\Kernel->Illuminate\\Foundation\\Http\\{closure}()
#26 /home/rizki/Documents/laravel-webdev-sanbarcode/Week 3/Day 2 - Membuat Web Statis dengan Laravel/blog/vendor/laravel/framework/src/Illuminate/Foundation/Http/Middleware/TransformsRequest.php(21): Illuminate\\Pipeline\\Pipeline->Illuminate\\Pipeline\\{closure}()
#27 /home/rizki/Documents/laravel-webdev-sanbarcode/Week 3/Day 2 - Membuat Web Statis dengan Laravel/blog/vendor/laravel/framework/src/Illuminate/Pipeline/Pipeline.php(171): Illuminate\\Foundation\\Http\\Middleware\\TransformsRequest->handle()
#28 /home/rizki/Documents/laravel-webdev-sanbarcode/Week 3/Day 2 - Membuat Web Statis dengan Laravel/blog/vendor/laravel/framework/src/Illuminate/Foundation/Http/Middleware/TransformsRequest.php(21): Illuminate\\Pipeline\\Pipeline->Illuminate\\Pipeline\\{closure}()
#29 /home/rizki/Documents/laravel-webdev-sanbarcode/Week 3/Day 2 - Membuat Web Statis dengan Laravel/blog/vendor/laravel/framework/src/Illuminate/Pipeline/Pipeline.php(171): Illuminate\\Foundation\\Http\\Middleware\\TransformsRequest->handle()
#30 /home/rizki/Documents/laravel-webdev-sanbarcode/Week 3/Day 2 - Membuat Web Statis dengan Laravel/blog/vendor/laravel/framework/src/Illuminate/Foundation/Http/Middleware/ValidatePostSize.php(27): Illuminate\\Pipeline\\Pipeline->Illuminate\\Pipeline\\{closure}()
#31 /home/rizki/Documents/laravel-webdev-sanbarcode/Week 3/Day 2 - Membuat Web Statis dengan Laravel/blog/vendor/laravel/framework/src/Illuminate/Pipeline/Pipeline.php(171): Illuminate\\Foundation\\Http\\Middleware\\ValidatePostSize->handle()
#32 /home/rizki/Documents/laravel-webdev-sanbarcode/Week 3/Day 2 - Membuat Web Statis dengan Laravel/blog/vendor/laravel/framework/src/Illuminate/Foundation/Http/Middleware/CheckForMaintenanceMode.php(63): Illuminate\\Pipeline\\Pipeline->Illuminate\\Pipeline\\{closure}()
#33 /home/rizki/Documents/laravel-webdev-sanbarcode/Week 3/Day 2 - Membuat Web Statis dengan Laravel/blog/vendor/laravel/framework/src/Illuminate/Pipeline/Pipeline.php(171): Illuminate\\Foundation\\Http\\Middleware\\CheckForMaintenanceMode->handle()
#34 /home/rizki/Documents/laravel-webdev-sanbarcode/Week 3/Day 2 - Membuat Web Statis dengan Laravel/blog/vendor/fideloper/proxy/src/TrustProxies.php(57): Illuminate\\Pipeline\\Pipeline->Illuminate\\Pipeline\\{closure}()
#35 /home/rizki/Documents/laravel-webdev-sanbarcode/Week 3/Day 2 - Membuat Web Statis dengan Laravel/blog/vendor/laravel/framework/src/Illuminate/Pipeline/Pipeline.php(171): Fideloper\\Proxy\\TrustProxies->handle()
#36 /home/rizki/Documents/laravel-webdev-sanbarcode/Week 3/Day 2 - Membuat Web Statis dengan Laravel/blog/vendor/laravel/framework/src/Illuminate/Pipeline/Pipeline.php(105): Illuminate\\Pipeline\\Pipeline->Illuminate\\Pipeline\\{closure}()
#37 /home/rizki/Documents/laravel-webdev-sanbarcode/Week 3/Day 2 - Membuat Web Statis dengan Laravel/blog/vendor/laravel/framework/src/Illuminate/Foundation/Http/Kernel.php(145): Illuminate\\Pipeline\\Pipeline->then()
#38 /home/rizki/Documents/laravel-webdev-sanbarcode/Week 3/Day 2 - Membuat Web Statis dengan Laravel/blog/vendor/laravel/framework/src/Illuminate/Foundation/Http/Kernel.php(110): Illuminate\\Foundation\\Http\\Kernel->sendRequestThroughRouter()
#39 /home/rizki/Documents/laravel-webdev-sanbarcode/Week 3/Day 2 - Membuat Web Statis dengan Laravel/blog/public/index.php(55): Illuminate\\Foundation\\Http\\Kernel->handle()
#40 /home/rizki/Documents/laravel-webdev-sanbarcode/Week 3/Day 2 - Membuat Web Statis dengan Laravel/blog/server.php(21): require_once('/home/rizki/Doc...')
#41 {main}
"} 
[2021-03-02 07:23:23] local.ERROR: Use of undefined constant first_name - assumed 'first_name' (this will throw an Error in a future version of PHP) (View: /home/rizki/Documents/laravel-webdev-sanbarcode/Week 3/Day 2 - Membuat Web Statis dengan Laravel/blog/resources/views/welcome.blade.php) {"exception":"[object] (Facade\\Ignition\\Exceptions\\ViewException(code: 0): Use of undefined constant first_name - assumed 'first_name' (this will throw an Error in a future version of PHP) (View: /home/rizki/Documents/laravel-webdev-sanbarcode/Week 3/Day 2 - Membuat Web Statis dengan Laravel/blog/resources/views/welcome.blade.php) at /home/rizki/Documents/laravel-webdev-sanbarcode/Week 3/Day 2 - Membuat Web Statis dengan Laravel/blog/resources/views/welcome.blade.php:9)
[stacktrace]
#0 /home/rizki/Documents/laravel-webdev-sanbarcode/Week 3/Day 2 - Membuat Web Statis dengan Laravel/blog/resources/views/welcome.blade.php(9): Illuminate\\Foundation\\Bootstrap\\HandleExceptions->handleError()
#1 /home/rizki/Documents/laravel-webdev-sanbarcode/Week 3/Day 2 - Membuat Web Statis dengan Laravel/blog/vendor/laravel/framework/src/Illuminate/View/Engines/PhpEngine.php(43): include('/home/rizki/Doc...')
#2 /home/rizki/Documents/laravel-webdev-sanbarcode/Week 3/Day 2 - Membuat Web Statis dengan Laravel/blog/vendor/laravel/framework/src/Illuminate/View/Engines/CompilerEngine.php(59): Illuminate\\View\\Engines\\PhpEngine->evaluatePath()
#3 /home/rizki/Documents/laravel-webdev-sanbarcode/Week 3/Day 2 - Membuat Web Statis dengan Laravel/blog/vendor/facade/ignition/src/Views/Engines/CompilerEngine.php(36): Illuminate\\View\\Engines\\CompilerEngine->get()
#4 /home/rizki/Documents/laravel-webdev-sanbarcode/Week 3/Day 2 - Membuat Web Statis dengan Laravel/blog/vendor/laravel/framework/src/Illuminate/View/View.php(143): Facade\\Ignition\\Views\\Engines\\CompilerEngine->get()
#5 /home/rizki/Documents/laravel-webdev-sanbarcode/Week 3/Day 2 - Membuat Web Statis dengan Laravel/blog/vendor/laravel/framework/src/Illuminate/View/View.php(126): Illuminate\\View\\View->getContents()
#6 /home/rizki/Documents/laravel-webdev-sanbarcode/Week 3/Day 2 - Membuat Web Statis dengan Laravel/blog/vendor/laravel/framework/src/Illuminate/View/View.php(91): Illuminate\\View\\View->renderContents()
#7 /home/rizki/Documents/laravel-webdev-sanbarcode/Week 3/Day 2 - Membuat Web Statis dengan Laravel/blog/vendor/laravel/framework/src/Illuminate/Http/Response.php(42): Illuminate\\View\\View->render()
#8 /home/rizki/Documents/laravel-webdev-sanbarcode/Week 3/Day 2 - Membuat Web Statis dengan Laravel/blog/vendor/symfony/http-foundation/Response.php(205): Illuminate\\Http\\Response->setContent()
#9 /home/rizki/Documents/laravel-webdev-sanbarcode/Week 3/Day 2 - Membuat Web Statis dengan Laravel/blog/vendor/laravel/framework/src/Illuminate/Routing/Router.php(749): Symfony\\Component\\HttpFoundation\\Response->__construct()
#10 /home/rizki/Documents/laravel-webdev-sanbarcode/Week 3/Day 2 - Membuat Web Statis dengan Laravel/blog/vendor/laravel/framework/src/Illuminate/Routing/Router.php(721): Illuminate\\Routing\\Router::toResponse()
#11 /home/rizki/Documents/laravel-webdev-sanbarcode/Week 3/Day 2 - Membuat Web Statis dengan Laravel/blog/vendor/laravel/framework/src/Illuminate/Routing/Router.php(681): Illuminate\\Routing\\Router->prepareResponse()
#12 /home/rizki/Documents/laravel-webdev-sanbarcode/Week 3/Day 2 - Membuat Web Statis dengan Laravel/blog/vendor/laravel/framework/src/Illuminate/Pipeline/Pipeline.php(130): Illuminate\\Routing\\Router->Illuminate\\Routing\\{closure}()
#13 /home/rizki/Documents/laravel-webdev-sanbarcode/Week 3/Day 2 - Membuat Web Statis dengan Laravel/blog/vendor/laravel/framework/src/Illuminate/Routing/Middleware/SubstituteBindings.php(41): Illuminate\\Pipeline\\Pipeline->Illuminate\\Pipeline\\{closure}()
#14 /home/rizki/Documents/laravel-webdev-sanbarcode/Week 3/Day 2 - Membuat Web Statis dengan Laravel/blog/vendor/laravel/framework/src/Illuminate/Pipeline/Pipeline.php(171): Illuminate\\Routing\\Middleware\\SubstituteBindings->handle()
#15 /home/rizki/Documents/laravel-webdev-sanbarcode/Week 3/Day 2 - Membuat Web Statis dengan Laravel/blog/vendor/laravel/framework/src/Illuminate/Foundation/Http/Middleware/VerifyCsrfToken.php(78): Illuminate\\Pipeline\\Pipeline->Illuminate\\Pipeline\\{closure}()
#16 /home/rizki/Documents/laravel-webdev-sanbarcode/Week 3/Day 2 - Membuat Web Statis dengan Laravel/blog/vendor/laravel/framework/src/Illuminate/Pipeline/Pipeline.php(171): Illuminate\\Foundation\\Http\\Middleware\\VerifyCsrfToken->handle()
#17 /home/rizki/Documents/laravel-webdev-sanbarcode/Week 3/Day 2 - Membuat Web Statis dengan Laravel/blog/vendor/laravel/framework/src/Illuminate/View/Middleware/ShareErrorsFromSession.php(49): Illuminate\\Pipeline\\Pipeline->Illuminate\\Pipeline\\{closure}()
#18 /home/rizki/Documents/laravel-webdev-sanbarcode/Week 3/Day 2 - Membuat Web Statis dengan Laravel/blog/vendor/laravel/framework/src/Illuminate/Pipeline/Pipeline.php(171): Illuminate\\View\\Middleware\\ShareErrorsFromSession->handle()
#19 /home/rizki/Documents/laravel-webdev-sanbarcode/Week 3/Day 2 - Membuat Web Statis dengan Laravel/blog/vendor/laravel/framework/src/Illuminate/Session/Middleware/StartSession.php(56): Illuminate\\Pipeline\\Pipeline->Illuminate\\Pipeline\\{closure}()
#20 /home/rizki/Documents/laravel-webdev-sanbarcode/Week 3/Day 2 - Membuat Web Statis dengan Laravel/blog/vendor/laravel/framework/src/Illuminate/Pipeline/Pipeline.php(171): Illuminate\\Session\\Middleware\\StartSession->handle()
#21 /home/rizki/Documents/laravel-webdev-sanbarcode/Week 3/Day 2 - Membuat Web Statis dengan Laravel/blog/vendor/laravel/framework/src/Illuminate/Cookie/Middleware/AddQueuedCookiesToResponse.php(37): Illuminate\\Pipeline\\Pipeline->Illuminate\\Pipeline\\{closure}()
#22 /home/rizki/Documents/laravel-webdev-sanbarcode/Week 3/Day 2 - Membuat Web Statis dengan Laravel/blog/vendor/laravel/framework/src/Illuminate/Pipeline/Pipeline.php(171): Illuminate\\Cookie\\Middleware\\AddQueuedCookiesToResponse->handle()
#23 /home/rizki/Documents/laravel-webdev-sanbarcode/Week 3/Day 2 - Membuat Web Statis dengan Laravel/blog/vendor/laravel/framework/src/Illuminate/Cookie/Middleware/EncryptCookies.php(67): Illuminate\\Pipeline\\Pipeline->Illuminate\\Pipeline\\{closure}()
#24 /home/rizki/Documents/laravel-webdev-sanbarcode/Week 3/Day 2 - Membuat Web Statis dengan Laravel/blog/vendor/laravel/framework/src/Illuminate/Pipeline/Pipeline.php(171): Illuminate\\Cookie\\Middleware\\EncryptCookies->handle()
#25 /home/rizki/Documents/laravel-webdev-sanbarcode/Week 3/Day 2 - Membuat Web Statis dengan Laravel/blog/vendor/laravel/framework/src/Illuminate/Pipeline/Pipeline.php(105): Illuminate\\Pipeline\\Pipeline->Illuminate\\Pipeline\\{closure}()
#26 /home/rizki/Documents/laravel-webdev-sanbarcode/Week 3/Day 2 - Membuat Web Statis dengan Laravel/blog/vendor/laravel/framework/src/Illuminate/Routing/Router.php(683): Illuminate\\Pipeline\\Pipeline->then()
#27 /home/rizki/Documents/laravel-webdev-sanbarcode/Week 3/Day 2 - Membuat Web Statis dengan Laravel/blog/vendor/laravel/framework/src/Illuminate/Routing/Router.php(658): Illuminate\\Routing\\Router->runRouteWithinStack()
#28 /home/rizki/Documents/laravel-webdev-sanbarcode/Week 3/Day 2 - Membuat Web Statis dengan Laravel/blog/vendor/laravel/framework/src/Illuminate/Routing/Router.php(624): Illuminate\\Routing\\Router->runRoute()
#29 /home/rizki/Documents/laravel-webdev-sanbarcode/Week 3/Day 2 - Membuat Web Statis dengan Laravel/blog/vendor/laravel/framework/src/Illuminate/Routing/Router.php(613): Illuminate\\Routing\\Router->dispatchToRoute()
#30 /home/rizki/Documents/laravel-webdev-sanbarcode/Week 3/Day 2 - Membuat Web Statis dengan Laravel/blog/vendor/laravel/framework/src/Illuminate/Foundation/Http/Kernel.php(170): Illuminate\\Routing\\Router->dispatch()
#31 /home/rizki/Documents/laravel-webdev-sanbarcode/Week 3/Day 2 - Membuat Web Statis dengan Laravel/blog/vendor/laravel/framework/src/Illuminate/Pipeline/Pipeline.php(130): Illuminate\\Foundation\\Http\\Kernel->Illuminate\\Foundation\\Http\\{closure}()
#32 /home/rizki/Documents/laravel-webdev-sanbarcode/Week 3/Day 2 - Membuat Web Statis dengan Laravel/blog/vendor/laravel/framework/src/Illuminate/Foundation/Http/Middleware/TransformsRequest.php(21): Illuminate\\Pipeline\\Pipeline->Illuminate\\Pipeline\\{closure}()
#33 /home/rizki/Documents/laravel-webdev-sanbarcode/Week 3/Day 2 - Membuat Web Statis dengan Laravel/blog/vendor/laravel/framework/src/Illuminate/Pipeline/Pipeline.php(171): Illuminate\\Foundation\\Http\\Middleware\\TransformsRequest->handle()
#34 /home/rizki/Documents/laravel-webdev-sanbarcode/Week 3/Day 2 - Membuat Web Statis dengan Laravel/blog/vendor/laravel/framework/src/Illuminate/Foundation/Http/Middleware/TransformsRequest.php(21): Illuminate\\Pipeline\\Pipeline->Illuminate\\Pipeline\\{closure}()
#35 /home/rizki/Documents/laravel-webdev-sanbarcode/Week 3/Day 2 - Membuat Web Statis dengan Laravel/blog/vendor/laravel/framework/src/Illuminate/Pipeline/Pipeline.php(171): Illuminate\\Foundation\\Http\\Middleware\\TransformsRequest->handle()
#36 /home/rizki/Documents/laravel-webdev-sanbarcode/Week 3/Day 2 - Membuat Web Statis dengan Laravel/blog/vendor/laravel/framework/src/Illuminate/Foundation/Http/Middleware/ValidatePostSize.php(27): Illuminate\\Pipeline\\Pipeline->Illuminate\\Pipeline\\{closure}()
#37 /home/rizki/Documents/laravel-webdev-sanbarcode/Week 3/Day 2 - Membuat Web Statis dengan Laravel/blog/vendor/laravel/framework/src/Illuminate/Pipeline/Pipeline.php(171): Illuminate\\Foundation\\Http\\Middleware\\ValidatePostSize->handle()
#38 /home/rizki/Documents/laravel-webdev-sanbarcode/Week 3/Day 2 - Membuat Web Statis dengan Laravel/blog/vendor/laravel/framework/src/Illuminate/Foundation/Http/Middleware/CheckForMaintenanceMode.php(63): Illuminate\\Pipeline\\Pipeline->Illuminate\\Pipeline\\{closure}()
#39 /home/rizki/Documents/laravel-webdev-sanbarcode/Week 3/Day 2 - Membuat Web Statis dengan Laravel/blog/vendor/laravel/framework/src/Illuminate/Pipeline/Pipeline.php(171): Illuminate\\Foundation\\Http\\Middleware\\CheckForMaintenanceMode->handle()
#40 /home/rizki/Documents/laravel-webdev-sanbarcode/Week 3/Day 2 - Membuat Web Statis dengan Laravel/blog/vendor/fideloper/proxy/src/TrustProxies.php(57): Illuminate\\Pipeline\\Pipeline->Illuminate\\Pipeline\\{closure}()
#41 /home/rizki/Documents/laravel-webdev-sanbarcode/Week 3/Day 2 - Membuat Web Statis dengan Laravel/blog/vendor/laravel/framework/src/Illuminate/Pipeline/Pipeline.php(171): Fideloper\\Proxy\\TrustProxies->handle()
#42 /home/rizki/Documents/laravel-webdev-sanbarcode/Week 3/Day 2 - Membuat Web Statis dengan Laravel/blog/vendor/laravel/framework/src/Illuminate/Pipeline/Pipeline.php(105): Illuminate\\Pipeline\\Pipeline->Illuminate\\Pipeline\\{closure}()
#43 /home/rizki/Documents/laravel-webdev-sanbarcode/Week 3/Day 2 - Membuat Web Statis dengan Laravel/blog/vendor/laravel/framework/src/Illuminate/Foundation/Http/Kernel.php(145): Illuminate\\Pipeline\\Pipeline->then()
#44 /home/rizki/Documents/laravel-webdev-sanbarcode/Week 3/Day 2 - Membuat Web Statis dengan Laravel/blog/vendor/laravel/framework/src/Illuminate/Foundation/Http/Kernel.php(110): Illuminate\\Foundation\\Http\\Kernel->sendRequestThroughRouter()
#45 /home/rizki/Documents/laravel-webdev-sanbarcode/Week 3/Day 2 - Membuat Web Statis dengan Laravel/blog/public/index.php(55): Illuminate\\Foundation\\Http\\Kernel->handle()
#46 /home/rizki/Documents/laravel-webdev-sanbarcode/Week 3/Day 2 - Membuat Web Statis dengan Laravel/blog/server.php(21): require_once('/home/rizki/Doc...')
#47 {main}

[previous exception] [object] (ErrorException(code: 0): Use of undefined constant first_name - assumed 'first_name' (this will throw an Error in a future version of PHP) at /home/rizki/Documents/laravel-webdev-sanbarcode/Week 3/Day 2 - Membuat Web Statis dengan Laravel/blog/storage/framework/views/7b0e2038fac68178f0fabf58869ea71dd5d77f07.php:9)
[stacktrace]
#0 /home/rizki/Documents/laravel-webdev-sanbarcode/Week 3/Day 2 - Membuat Web Statis dengan Laravel/blog/storage/framework/views/7b0e2038fac68178f0fabf58869ea71dd5d77f07.php(9): Illuminate\\Foundation\\Bootstrap\\HandleExceptions->handleError()
#1 /home/rizki/Documents/laravel-webdev-sanbarcode/Week 3/Day 2 - Membuat Web Statis dengan Laravel/blog/vendor/laravel/framework/src/Illuminate/View/Engines/PhpEngine.php(43): include('/home/rizki/Doc...')
#2 /home/rizki/Documents/laravel-webdev-sanbarcode/Week 3/Day 2 - Membuat Web Statis dengan Laravel/blog/vendor/laravel/framework/src/Illuminate/View/Engines/CompilerEngine.php(59): Illuminate\\View\\Engines\\PhpEngine->evaluatePath()
#3 /home/rizki/Documents/laravel-webdev-sanbarcode/Week 3/Day 2 - Membuat Web Statis dengan Laravel/blog/vendor/facade/ignition/src/Views/Engines/CompilerEngine.php(36): Illuminate\\View\\Engines\\CompilerEngine->get()
#4 /home/rizki/Documents/laravel-webdev-sanbarcode/Week 3/Day 2 - Membuat Web Statis dengan Laravel/blog/vendor/laravel/framework/src/Illuminate/View/View.php(143): Facade\\Ignition\\Views\\Engines\\CompilerEngine->get()
#5 /home/rizki/Documents/laravel-webdev-sanbarcode/Week 3/Day 2 - Membuat Web Statis dengan Laravel/blog/vendor/laravel/framework/src/Illuminate/View/View.php(126): Illuminate\\View\\View->getContents()
#6 /home/rizki/Documents/laravel-webdev-sanbarcode/Week 3/Day 2 - Membuat Web Statis dengan Laravel/blog/vendor/laravel/framework/src/Illuminate/View/View.php(91): Illuminate\\View\\View->renderContents()
#7 /home/rizki/Documents/laravel-webdev-sanbarcode/Week 3/Day 2 - Membuat Web Statis dengan Laravel/blog/vendor/laravel/framework/src/Illuminate/Http/Response.php(42): Illuminate\\View\\View->render()
#8 /home/rizki/Documents/laravel-webdev-sanbarcode/Week 3/Day 2 - Membuat Web Statis dengan Laravel/blog/vendor/symfony/http-foundation/Response.php(205): Illuminate\\Http\\Response->setContent()
#9 /home/rizki/Documents/laravel-webdev-sanbarcode/Week 3/Day 2 - Membuat Web Statis dengan Laravel/blog/vendor/laravel/framework/src/Illuminate/Routing/Router.php(749): Symfony\\Component\\HttpFoundation\\Response->__construct()
#10 /home/rizki/Documents/laravel-webdev-sanbarcode/Week 3/Day 2 - Membuat Web Statis dengan Laravel/blog/vendor/laravel/framework/src/Illuminate/Routing/Router.php(721): Illuminate\\Routing\\Router::toResponse()
#11 /home/rizki/Documents/laravel-webdev-sanbarcode/Week 3/Day 2 - Membuat Web Statis dengan Laravel/blog/vendor/laravel/framework/src/Illuminate/Routing/Router.php(681): Illuminate\\Routing\\Router->prepareResponse()
#12 /home/rizki/Documents/laravel-webdev-sanbarcode/Week 3/Day 2 - Membuat Web Statis dengan Laravel/blog/vendor/laravel/framework/src/Illuminate/Pipeline/Pipeline.php(130): Illuminate\\Routing\\Router->Illuminate\\Routing\\{closure}()
#13 /home/rizki/Documents/laravel-webdev-sanbarcode/Week 3/Day 2 - Membuat Web Statis dengan Laravel/blog/vendor/laravel/framework/src/Illuminate/Routing/Middleware/SubstituteBindings.php(41): Illuminate\\Pipeline\\Pipeline->Illuminate\\Pipeline\\{closure}()
#14 /home/rizki/Documents/laravel-webdev-sanbarcode/Week 3/Day 2 - Membuat Web Statis dengan Laravel/blog/vendor/laravel/framework/src/Illuminate/Pipeline/Pipeline.php(171): Illuminate\\Routing\\Middleware\\SubstituteBindings->handle()
#15 /home/rizki/Documents/laravel-webdev-sanbarcode/Week 3/Day 2 - Membuat Web Statis dengan Laravel/blog/vendor/laravel/framework/src/Illuminate/Foundation/Http/Middleware/VerifyCsrfToken.php(78): Illuminate\\Pipeline\\Pipeline->Illuminate\\Pipeline\\{closure}()
#16 /home/rizki/Documents/laravel-webdev-sanbarcode/Week 3/Day 2 - Membuat Web Statis dengan Laravel/blog/vendor/laravel/framework/src/Illuminate/Pipeline/Pipeline.php(171): Illuminate\\Foundation\\Http\\Middleware\\VerifyCsrfToken->handle()
#17 /home/rizki/Documents/laravel-webdev-sanbarcode/Week 3/Day 2 - Membuat Web Statis dengan Laravel/blog/vendor/laravel/framework/src/Illuminate/View/Middleware/ShareErrorsFromSession.php(49): Illuminate\\Pipeline\\Pipeline->Illuminate\\Pipeline\\{closure}()
#18 /home/rizki/Documents/laravel-webdev-sanbarcode/Week 3/Day 2 - Membuat Web Statis dengan Laravel/blog/vendor/laravel/framework/src/Illuminate/Pipeline/Pipeline.php(171): Illuminate\\View\\Middleware\\ShareErrorsFromSession->handle()
#19 /home/rizki/Documents/laravel-webdev-sanbarcode/Week 3/Day 2 - Membuat Web Statis dengan Laravel/blog/vendor/laravel/framework/src/Illuminate/Session/Middleware/StartSession.php(56): Illuminate\\Pipeline\\Pipeline->Illuminate\\Pipeline\\{closure}()
#20 /home/rizki/Documents/laravel-webdev-sanbarcode/Week 3/Day 2 - Membuat Web Statis dengan Laravel/blog/vendor/laravel/framework/src/Illuminate/Pipeline/Pipeline.php(171): Illuminate\\Session\\Middleware\\StartSession->handle()
#21 /home/rizki/Documents/laravel-webdev-sanbarcode/Week 3/Day 2 - Membuat Web Statis dengan Laravel/blog/vendor/laravel/framework/src/Illuminate/Cookie/Middleware/AddQueuedCookiesToResponse.php(37): Illuminate\\Pipeline\\Pipeline->Illuminate\\Pipeline\\{closure}()
#22 /home/rizki/Documents/laravel-webdev-sanbarcode/Week 3/Day 2 - Membuat Web Statis dengan Laravel/blog/vendor/laravel/framework/src/Illuminate/Pipeline/Pipeline.php(171): Illuminate\\Cookie\\Middleware\\AddQueuedCookiesToResponse->handle()
#23 /home/rizki/Documents/laravel-webdev-sanbarcode/Week 3/Day 2 - Membuat Web Statis dengan Laravel/blog/vendor/laravel/framework/src/Illuminate/Cookie/Middleware/EncryptCookies.php(67): Illuminate\\Pipeline\\Pipeline->Illuminate\\Pipeline\\{closure}()
#24 /home/rizki/Documents/laravel-webdev-sanbarcode/Week 3/Day 2 - Membuat Web Statis dengan Laravel/blog/vendor/laravel/framework/src/Illuminate/Pipeline/Pipeline.php(171): Illuminate\\Cookie\\Middleware\\EncryptCookies->handle()
#25 /home/rizki/Documents/laravel-webdev-sanbarcode/Week 3/Day 2 - Membuat Web Statis dengan Laravel/blog/vendor/laravel/framework/src/Illuminate/Pipeline/Pipeline.php(105): Illuminate\\Pipeline\\Pipeline->Illuminate\\Pipeline\\{closure}()
#26 /home/rizki/Documents/laravel-webdev-sanbarcode/Week 3/Day 2 - Membuat Web Statis dengan Laravel/blog/vendor/laravel/framework/src/Illuminate/Routing/Router.php(683): Illuminate\\Pipeline\\Pipeline->then()
#27 /home/rizki/Documents/laravel-webdev-sanbarcode/Week 3/Day 2 - Membuat Web Statis dengan Laravel/blog/vendor/laravel/framework/src/Illuminate/Routing/Router.php(658): Illuminate\\Routing\\Router->runRouteWithinStack()
#28 /home/rizki/Documents/laravel-webdev-sanbarcode/Week 3/Day 2 - Membuat Web Statis dengan Laravel/blog/vendor/laravel/framework/src/Illuminate/Routing/Router.php(624): Illuminate\\Routing\\Router->runRoute()
#29 /home/rizki/Documents/laravel-webdev-sanbarcode/Week 3/Day 2 - Membuat Web Statis dengan Laravel/blog/vendor/laravel/framework/src/Illuminate/Routing/Router.php(613): Illuminate\\Routing\\Router->dispatchToRoute()
#30 /home/rizki/Documents/laravel-webdev-sanbarcode/Week 3/Day 2 - Membuat Web Statis dengan Laravel/blog/vendor/laravel/framework/src/Illuminate/Foundation/Http/Kernel.php(170): Illuminate\\Routing\\Router->dispatch()
#31 /home/rizki/Documents/laravel-webdev-sanbarcode/Week 3/Day 2 - Membuat Web Statis dengan Laravel/blog/vendor/laravel/framework/src/Illuminate/Pipeline/Pipeline.php(130): Illuminate\\Foundation\\Http\\Kernel->Illuminate\\Foundation\\Http\\{closure}()
#32 /home/rizki/Documents/laravel-webdev-sanbarcode/Week 3/Day 2 - Membuat Web Statis dengan Laravel/blog/vendor/laravel/framework/src/Illuminate/Foundation/Http/Middleware/TransformsRequest.php(21): Illuminate\\Pipeline\\Pipeline->Illuminate\\Pipeline\\{closure}()
#33 /home/rizki/Documents/laravel-webdev-sanbarcode/Week 3/Day 2 - Membuat Web Statis dengan Laravel/blog/vendor/laravel/framework/src/Illuminate/Pipeline/Pipeline.php(171): Illuminate\\Foundation\\Http\\Middleware\\TransformsRequest->handle()
#34 /home/rizki/Documents/laravel-webdev-sanbarcode/Week 3/Day 2 - Membuat Web Statis dengan Laravel/blog/vendor/laravel/framework/src/Illuminate/Foundation/Http/Middleware/TransformsRequest.php(21): Illuminate\\Pipeline\\Pipeline->Illuminate\\Pipeline\\{closure}()
#35 /home/rizki/Documents/laravel-webdev-sanbarcode/Week 3/Day 2 - Membuat Web Statis dengan Laravel/blog/vendor/laravel/framework/src/Illuminate/Pipeline/Pipeline.php(171): Illuminate\\Foundation\\Http\\Middleware\\TransformsRequest->handle()
#36 /home/rizki/Documents/laravel-webdev-sanbarcode/Week 3/Day 2 - Membuat Web Statis dengan Laravel/blog/vendor/laravel/framework/src/Illuminate/Foundation/Http/Middleware/ValidatePostSize.php(27): Illuminate\\Pipeline\\Pipeline->Illuminate\\Pipeline\\{closure}()
#37 /home/rizki/Documents/laravel-webdev-sanbarcode/Week 3/Day 2 - Membuat Web Statis dengan Laravel/blog/vendor/laravel/framework/src/Illuminate/Pipeline/Pipeline.php(171): Illuminate\\Foundation\\Http\\Middleware\\ValidatePostSize->handle()
#38 /home/rizki/Documents/laravel-webdev-sanbarcode/Week 3/Day 2 - Membuat Web Statis dengan Laravel/blog/vendor/laravel/framework/src/Illuminate/Foundation/Http/Middleware/CheckForMaintenanceMode.php(63): Illuminate\\Pipeline\\Pipeline->Illuminate\\Pipeline\\{closure}()
#39 /home/rizki/Documents/laravel-webdev-sanbarcode/Week 3/Day 2 - Membuat Web Statis dengan Laravel/blog/vendor/laravel/framework/src/Illuminate/Pipeline/Pipeline.php(171): Illuminate\\Foundation\\Http\\Middleware\\CheckForMaintenanceMode->handle()
#40 /home/rizki/Documents/laravel-webdev-sanbarcode/Week 3/Day 2 - Membuat Web Statis dengan Laravel/blog/vendor/fideloper/proxy/src/TrustProxies.php(57): Illuminate\\Pipeline\\Pipeline->Illuminate\\Pipeline\\{closure}()
#41 /home/rizki/Documents/laravel-webdev-sanbarcode/Week 3/Day 2 - Membuat Web Statis dengan Laravel/blog/vendor/laravel/framework/src/Illuminate/Pipeline/Pipeline.php(171): Fideloper\\Proxy\\TrustProxies->handle()
#42 /home/rizki/Documents/laravel-webdev-sanbarcode/Week 3/Day 2 - Membuat Web Statis dengan Laravel/blog/vendor/laravel/framework/src/Illuminate/Pipeline/Pipeline.php(105): Illuminate\\Pipeline\\Pipeline->Illuminate\\Pipeline\\{closure}()
#43 /home/rizki/Documents/laravel-webdev-sanbarcode/Week 3/Day 2 - Membuat Web Statis dengan Laravel/blog/vendor/laravel/framework/src/Illuminate/Foundation/Http/Kernel.php(145): Illuminate\\Pipeline\\Pipeline->then()
#44 /home/rizki/Documents/laravel-webdev-sanbarcode/Week 3/Day 2 - Membuat Web Statis dengan Laravel/blog/vendor/laravel/framework/src/Illuminate/Foundation/Http/Kernel.php(110): Illuminate\\Foundation\\Http\\Kernel->sendRequestThroughRouter()
#45 /home/rizki/Documents/laravel-webdev-sanbarcode/Week 3/Day 2 - Membuat Web Statis dengan Laravel/blog/public/index.php(55): Illuminate\\Foundation\\Http\\Kernel->handle()
#46 /home/rizki/Documents/laravel-webdev-sanbarcode/Week 3/Day 2 - Membuat Web Statis dengan Laravel/blog/server.php(21): require_once('/home/rizki/Doc...')
#47 {main}
"} 
